c:\users\wwj\source\repos\web站点用户访问信息管理程序\web站点用户访问信息管理程序\release\vc142.pdb
c:\users\wwj\source\repos\web站点用户访问信息管理程序\web站点用户访问信息管理程序\release\main.obj
c:\users\wwj\source\repos\web站点用户访问信息管理程序\web站点用户访问信息管理程序\release\interface.obj
c:\users\wwj\source\repos\web站点用户访问信息管理程序\web站点用户访问信息管理程序\release\holder.obj
c:\users\wwj\source\repos\web站点用户访问信息管理程序\web站点用户访问信息管理程序\release\fileread.obj
c:\users\wwj\source\repos\web站点用户访问信息管理程序\release\web站点用户访问信息管理程序.exe
c:\users\wwj\source\repos\web站点用户访问信息管理程序\release\web站点用户访问信息管理程序.pdb
c:\users\wwj\source\repos\web站点用户访问信息管理程序\web站点用户访问信息管理程序\release\web站点用户访问信息管理程序.res
c:\users\wwj\source\repos\web站点用户访问信息管理程序\release\web站点用户访问信息管理程序.ipdb
c:\users\wwj\source\repos\web站点用户访问信息管理程序\release\web站点用户访问信息管理程序.iobj
c:\users\wwj\source\repos\web站点用户访问信息管理程序\web站点用户访问信息管理程序\release\web站点用户访问信息管理程序.tlog\cl.command.1.tlog
c:\users\wwj\source\repos\web站点用户访问信息管理程序\web站点用户访问信息管理程序\release\web站点用户访问信息管理程序.tlog\cl.read.1.tlog
c:\users\wwj\source\repos\web站点用户访问信息管理程序\web站点用户访问信息管理程序\release\web站点用户访问信息管理程序.tlog\cl.write.1.tlog
c:\users\wwj\source\repos\web站点用户访问信息管理程序\web站点用户访问信息管理程序\release\web站点用户访问信息管理程序.tlog\link.command.1.tlog
c:\users\wwj\source\repos\web站点用户访问信息管理程序\web站点用户访问信息管理程序\release\web站点用户访问信息管理程序.tlog\link.read.1.tlog
c:\users\wwj\source\repos\web站点用户访问信息管理程序\web站点用户访问信息管理程序\release\web站点用户访问信息管理程序.tlog\link.write.1.tlog
c:\users\wwj\source\repos\web站点用户访问信息管理程序\web站点用户访问信息管理程序\release\web站点用户访问信息管理程序.tlog\rc.command.1.tlog
c:\users\wwj\source\repos\web站点用户访问信息管理程序\web站点用户访问信息管理程序\release\web站点用户访问信息管理程序.tlog\rc.read.1.tlog
c:\users\wwj\source\repos\web站点用户访问信息管理程序\web站点用户访问信息管理程序\release\web站点用户访问信息管理程序.tlog\rc.write.1.tlog
c:\users\wwj\source\repos\web站点用户访问信息管理程序\web站点用户访问信息管理程序\release\web站点用户访问信息管理程序.tlog\web站点用户访问信息管理程序.write.1u.tlog
